2004 APR 16 1715
	發現了一件關於cin的事。如果輸入兩個值（用空格隔開），那麼下一個輸入，會被丟到下一次叫cin的參數中。
	因為我下一次叫的是int，所以就壞掉了。
	stdin真是複雜呀。難過有個叫getline的東西。

2004 APR 16 1454
	給Fable玩了一下，馬上就被玩壞了XD
	1.不能吃有空格的輸入

2004 APR 16 1437
	要做到漂亮的功能分離，我必須先學好如何規劃程式（嘆）
	這一次的作業，只是腦中有藍圖就開始寫了（也因為這樣，才會有一堆奇奇怪怪的東西）
	想要大改：
	1.功能分離
	2.漂亮的：請按任意鍵繼續
	3.學著寫企劃書
	功能分離的第一步，意味著我不能在Set.h中#include<iostream>

2004 APR 16 1412
	發現要如我所希望的，把UI的功能，和Set的功能完全分離，我必須修改很多地方，於是，現在先不要想那麼多吧。先把1.10.xx寫一寫上傳以後，再來搞那個。
	突然發現有個維護系統會是好事，現在一改了小地方，就要改readme.doc
	這表示我開始摸到某種東西的邊了？

2004 APR 16 1121
	把交集，聯集和差集的傳回值改成了Set的指標，以方便比較。
	事實上，可以寫出會回報是那兩個為最大的，不過先這樣試試看。
	這算是1.10.13版吧。

	出來了一點，但是呢，無法運作，所以，還要再修改一下，看來1.10.13還是出不來。

2004 APR 16 1110
	先把說明檔寫完了，我們幾個就剩我還沒有上傳。

2004 APR 15 1623
	少一樣功能!!
	不能算最大的集合!!

2004 APR 15 1526
	正式版完成。

	1.歡迎畫面和結束畫面獨立出來
	2.獨立出來的檔案有加密（XOR ASCII 137）

2004 APR 15 1115
	1.可以聯集
	2.可以交集
	3.可以差集
	下一步：
	1.remove的修正

	好多method好方便	

2004 APR 15 0652
	1.add會分大小寫，而且不會改變原輸入。（自以為學會怎樣像str...();一樣傳char*）
	2.remove可以砍掉任一個。
	接下來：
	1.應該把交集，聯集，差集寫完
	2.讓歡迎畫面獨立成一個檔...和89H做XOR...:p

	不過第一優先是洗個澡，髒死了。

2004 APR 15 0556
	1.add可以用了
	2.remove可以用了

	不過：
	1.add還不會判斷大小寫
	2.remove砍不掉第一個

2004 APR 15 0521
	那個怪問題，竟然是該死的微軟文字換行格式害的（用自己打的輸入檔，一切OK）
2004 APR 15 0457
	剛剛的問題解決了（要把class delete掉）

	在加字時有奇怪的錯誤：
		 Set 1 : May Tom Mary Tiger-Woods Smith Victor
	變成：
		 word Wrongn Tom Mary Tiger-Woods Smith Victor

	超出理解範圍，是那裡寫錯了呢？

2004 APR 15 0423
	發現結束畫面出不來。

2004 APR 15 0359
	今天算是寫最多的一天吧？
	目前有達成老師要的功能的...一半。主要是class寫完了。不過之後就把時間花在寫使用者介面和其他的小玩意上面了。交集，聯集，差集沒有進展，加字和砍字的功能也沒有完全寫好。目前記得起來的特色如下：
	1.重要的值有用define，所以以後可以修改。（請見Set.h）
	2.因為是用陣列寫的，所以會有最大數量的限制。
	3.有歡迎畫面。
	4.有結束畫面。
	5.兩個class（Set和UI）有獨立成標頭檔。需要在編譯前放在hw2.cpp同一個資料夾下。
	要改進的如下：
	1.add會壞掉
	2.remove會壞掉
	3.交集還沒寫
	4.聯集還沒寫
	5.差集還沒寫
	6.不會分辨一樣的字
	7.不會分辨大小寫（視為不同）

定義一下版本號：
	a.bb.cc
	
	a 是表示大改版，1是正式版（非屍體）
	b 是表示小改版，有完成前一次log要求的條件
	c 是閒閒沒事有碰就加1的
	

2004 APR 15 0358
	HW2的紀錄檔啟用!!
