2004 MAY 07 0630
進入該死的Debug階段。
聽說這會比Coding的時間長兩倍...！

2004 MAY 06 0846
該死.放棄分頁框.

2004 MAY 04 1144
如何在跑完SF的Destructor後,不跑Book的Destructor?
用\M...好鳥

2004 MAY 03 0922
繼續,現在的重點是繼承.
(結果我跑去玩今天的試題...完全沒有寫到code)
(No.2:這樣code會寫不完喔...F74926735)

2004 MAY 03 0918
今天考完試才知道,我只有資管的水準呀.
也就是,知其然,不知其所以然就可以了.
作業Co得出來,會跑,我竟然就滿足了!

想想在T大的Rein,可是在拼效率和檔案大小呀!
學生是用逼出來的,一群有興趣的學生,也是有方法教出來的.....
我該怎麼辦呢?

2004 MAY 03 1011
我在電腦教室
沒有她的陪伴
我只能在這裡工作

(NB要拿去修了)

無論如何
作業還是要寫的
現在要注意的是
繼承相關的做法

2004 APR 30 2000
開始。
早該開始了。
我只有一天能CODing，順便嘗試人月裡的方法。

2004 APR 29 1316
今早花了一點時間，把基本的架構都想好了。
資料夾裡面應該有：
/
/HW3.cpp
/	includes/
		/UI.h
		/Book.h
		/termios.h
		/conio.h
/HW3.log
/welcome.dat
/goodbye.dat
/HW3.dat
/comments/
/  menus/
	/ADD.dat
	/REMOVE.dat
	/etc...

簡單說明一下。

UI.h負責這一次的使用者介面。內容是從menus和comments讀資料，秀出來，並且顯示使用的資料檔名稱。
Book.h應該要是使用的Class所在的檔。
termios.h和conio.h，是用來做按鍵讀取的，主要的功能竟然只是『請按空白鍵繼續』。

HW3.log是這個檔。
welcome.dat和goobye.dat是開始和結束畫面。
HW3.dat是資料檔的名稱。

/comments/是用來放每一本書的評論的。（我自己想用這個程式來做些事。）
/menus/裡面是固定格式的每一個選單。每個選項用|隔開，有格式說明。


2004 APR 28 0030
好了，剛剛正式開始思考作業三要怎麼寫。
在預定的計畫中，有以下的大問題：
1."按<SPACE>繼續"的寫法
2.要好似網頁，分出頁框的寫法
後者的問題比較小（反正我重要的資料，有中文的資料，應該都會從外部讀進來。）
而前者似乎在SVGAlib裡面有，不過好像很低階。
