2004 MAY 27 0751
operator *
operator ++(prefix and postfix)
operator --(prefix and postfix)

好快呀...

再來是改進operator <<

2004 MAY 27 0710
再來是operator *

2004 MAY 27 0522
operator +和operator -完成了。

果然要嚴謹，要追求完美。

2004 MAY 27 0354
話說，程式是要不睡覺寫得好XD

現在在寫operator +
要做的事是，先把自己copy一份給tmp，再把輸入的Set慢慢放入tmp中。

1.讀一個值
2.和tmp的比較
3.比tmp的大，於是比下一個
4.比tmp的小，插入在此處

可以利用的點：tmp已排序好了。
（在裡面放個值叫len吧）

先放在最後一項，然後用insert sort??

但是，同樣的元素怎麼樣丟掉？？

2004 MAY 25 0819
發洩沒有用.
不自我滿足,只會一直煩惱.

2004 MAY 24 2017
其實很不爽

很怕
但是發洩後又樂觀了.(發洩?)

把Linked List先去掉
以後再加上

我沒那麼強.

2004 MAY 22 0321
繼續幹

2004 MAY 22 0224
開工

要求：
一個Set為數的集合
可以行集合的+
可以行集合的-
可以行集合的*
可以行集合的>>
可以行集合的<<
還有左邊的--和右邊的--
